<?xml version="1.0" encoding="UTF-8"?>
<testsuites name="TC_Facebook_login_003_TS" time="39.928" tests="1" failures="0" errors="0">
   <testsuite name="TC_Facebook_login_003_TS" tests="1" failures="0" errors="0" time="39.928" skipped="0" timestamp="28-01-2024T17:08:21" hostname="ANILKUMAR - DESKTOP-FOKPJIU" id="Test Suites/TC_Facebook_login_003_TS">
      <properties>
         <property name="deviceName" value=""/>
         <property name="devicePlatform" value=""/>
         <property name="logFolder" value="C:\\Users\\ANILKUMAR\\Katalon Studio\\Facebook Application Testing\\Reports\\20240128_170814\\TC_Facebook_login_003_TS\\20240128_170814"/>
         <property name="logFiles" value="C:\\Users\\ANILKUMAR\\Katalon Studio\\Facebook Application Testing\\Reports\\20240128_170814\\TC_Facebook_login_003_TS\\20240128_170814\\execution0.log"/>
         <property name="attachments" value=""/>
         <property name="hostName" value="ANILKUMAR - DESKTOP-FOKPJIU"/>
         <property name="os" value="Windows 10 64bit"/>
         <property name="katalonVersion" value="9.1.0.212"/>
         <property name="browser" value="Chrome 120.0.0.0"/>
         <property name="hostAddress" value="192.168.1.101"/>
         <property name="sessionId" value="c25595deb65948523a61796407658934"/>
         <property name="seleniumVersion" value="3.141.59"/>
         <property name="proxyInformation" value="ProxyInformation { proxyOption=NO_PROXY, proxyServerType=HTTP, username=, password=********, proxyServerAddress=, proxyServerPort=0, executionList=&quot;&quot;, isApplyToDesiredCapabilities=true }"/>
         <property name="platform" value="Windows 10"/>
      </properties>
      <testcase name="Test Cases/TC_Facebook_login_003" time="39.76" classname="Test Cases/TC_Facebook_login_003" status="PASSED">
         <system-out><![CDATA[28-01-2024T17:08:21 - [TEST_CASE][PASSED] - Test Cases/TC_Facebook_login_003: Test Cases/TC_Facebook_login_003

28-01-2024T17:08:21 - [TEST_STEP][PASSED] - openBrowser(""): Browser is opened with url: ''

28-01-2024T17:08:22 - [MESSAGE][INFO] - Starting 'Chrome' driver

28-01-2024T17:08:22 - [MESSAGE][INFO] - Action delay is set to 0 milliseconds

28-01-2024T17:08:25 - [MESSAGE][PASSED] - Browser is opened with url: ''

28-01-2024T17:08:25 - [TEST_STEP][PASSED] - navigateToUrl("http://www.facebook.com"): Navigate to 'http://www.facebook.com' successfully

28-01-2024T17:08:27 - [MESSAGE][PASSED] - Navigate to 'http://www.facebook.com' successfully

28-01-2024T17:08:27 - [TEST_STEP][PASSED] - setText(findTestObject("Object Repository/TC_Facebook_login_001_OR/Page_Facebook  log in or sign up/input_Facebook helps you connect and share with the people in your life_email"), "ch.anil9cc@gmail.com"): Text 'ch.anil9cc@gmail.com' is set on object 'Object Repository/TC_Facebook_login_001_OR/Page_Facebook  log in or sign up/input_Facebook helps you connect and share with the people in your life_email'

28-01-2024T17:08:28 - [MESSAGE][PASSED] - Text 'ch.anil9cc@gmail.com' is set on object 'Object Repository/TC_Facebook_login_001_OR/Page_Facebook  log in or sign up/input_Facebook helps you connect and share with the people in your life_email'

28-01-2024T17:08:28 - [TEST_STEP][PASSED] - setText(findTestObject("Object Repository/TC_Facebook_login_001_OR/Page_Facebook  log in or sign up/input_Facebook helps you connect and share with the people in your life_pass"), "A2@facebook"): Text 'A2@facebook' is set on object 'Object Repository/TC_Facebook_login_001_OR/Page_Facebook  log in or sign up/input_Facebook helps you connect and share with the people in your life_pass'

28-01-2024T17:08:29 - [MESSAGE][PASSED] - Text 'A2@facebook' is set on object 'Object Repository/TC_Facebook_login_001_OR/Page_Facebook  log in or sign up/input_Facebook helps you connect and share with the people in your life_pass'

28-01-2024T17:08:29 - [TEST_STEP][PASSED] - click(findTestObject("Object Repository/TC_Facebook_login_001_OR/Page_Facebook  log in or sign up/button_Log in")): Object: 'Object Repository/TC_Facebook_login_001_OR/Page_Facebook  log in or sign up/button_Log in' is clicked on

28-01-2024T17:09:00 - [MESSAGE][INFO] - Unable to find the element located by 'By.xpath: //button[@id='u_0_5_bw']'. Please recheck the objects properties to make sure the desired element is located. 

28-01-2024T17:09:00 - [MESSAGE][WARNING] - [SELF-HEALING] Failed to find element with id 'Object Repository/TC_Facebook_login_001_OR/Page_Facebook  log in or sign up/button_Log in'. Try using Self-healing.

28-01-2024T17:09:00 - [MESSAGE][WARNING] - [SELF-HEALING] The current locator of test object 'Object Repository/TC_Facebook_login_001_OR/Page_Facebook  log in or sign up/button_Log in' was broken. Propose an alternative one: '//button'.

28-01-2024T17:09:00 - [MESSAGE][PASSED] - Object: 'Object Repository/TC_Facebook_login_001_OR/Page_Facebook  log in or sign up/button_Log in' is clicked on

28-01-2024T17:09:00 - [TEST_STEP][PASSED] - closeBrowser(): Browser is closed

28-01-2024T17:09:01 - [MESSAGE][PASSED] - Browser is closed]]></system-out>
         <system-err><![CDATA[]]></system-err>
      </testcase>
      <system-out><![CDATA[28-01-2024T17:08:21 - [TEST_SUITE][PASSED] - TC_Facebook_login_003_TS: Test Cases/TC_Facebook_login_003]]></system-out>
      <system-err><![CDATA[]]></system-err>
   </testsuite>
</testsuites>
