<?xml version="1.0" encoding="UTF-8"?>
<testsuites name="TC_dropdownValidation_001_Test Suite" time="47.254" tests="1" failures="0" errors="0">
   <testsuite name="TC_dropdownValidation_001_Test Suite" tests="1" failures="0" errors="0" time="47.254" skipped="0" timestamp="31-01-2024T23:59:23" hostname="ANILKUMAR - DESKTOP-FOKPJIU" id="Test Suites/Buttons_test suite/TC_dropdownValidation_001_Test Suite">
      <properties>
         <property name="deviceName" value=""/>
         <property name="devicePlatform" value=""/>
         <property name="logFolder" value="C:\\Users\\ANILKUMAR\\Katalon Studio\\Facebook Application Testing\\Reports\\20240131_235916\\Buttons_test suite\\TC_dropdownValidation_001_Test Suite\\20240131_235916"/>
         <property name="logFiles" value="C:\\Users\\ANILKUMAR\\Katalon Studio\\Facebook Application Testing\\Reports\\20240131_235916\\Buttons_test suite\\TC_dropdownValidation_001_Test Suite\\20240131_235916\\execution0.log"/>
         <property name="attachments" value=""/>
         <property name="hostName" value="ANILKUMAR - DESKTOP-FOKPJIU"/>
         <property name="os" value="Windows 10 64bit"/>
         <property name="katalonVersion" value="9.1.0.212"/>
         <property name="browser" value="Chrome 121.0.0.0"/>
         <property name="hostAddress" value="192.168.1.100"/>
         <property name="sessionId" value="5ba60fd0d5453ff634c7fcf2007ad129"/>
         <property name="seleniumVersion" value="3.141.59"/>
         <property name="proxyInformation" value="ProxyInformation { proxyOption=NO_PROXY, proxyServerType=HTTP, username=, password=********, proxyServerAddress=, proxyServerPort=0, executionList=&quot;&quot;, isApplyToDesiredCapabilities=true }"/>
         <property name="platform" value="Windows 10"/>
      </properties>
      <testcase name="Test Cases/Buttons/TC_DropdownValidation_001" time="47.094" classname="Test Cases/Buttons/TC_DropdownValidation_001" status="PASSED">
         <system-out><![CDATA[31-01-2024T23:59:23 - [TEST_CASE][PASSED] - Test Cases/Buttons/TC_DropdownValidation_001: Test Cases/Buttons/TC_DropdownValidation_001

31-01-2024T23:59:23 - [TEST_STEP][PASSED] - openBrowser(""): Browser is opened with url: ''

31-01-2024T23:59:24 - [MESSAGE][INFO] - Starting 'Chrome' driver

31-01-2024T23:59:24 - [MESSAGE][INFO] - Action delay is set to 0 milliseconds

31-01-2024T23:59:28 - [MESSAGE][PASSED] - Browser is opened with url: ''

31-01-2024T23:59:28 - [TEST_STEP][PASSED] - navigateToUrl("www.facebook.com"): Navigate to 'http://www.facebook.com' successfully

31-01-2024T23:59:30 - [MESSAGE][PASSED] - Navigate to 'http://www.facebook.com' successfully

31-01-2024T23:59:30 - [TEST_STEP][PASSED] - click(findTestObject("TC_buttons_OR/Page_Facebook  log in or sign up/a_Create new account")): Object: 'Object Repository/TC_buttons_OR/Page_Facebook  log in or sign up/a_Create new account' is clicked on

01-02-2024T00:00:01 - [MESSAGE][INFO] - Unable to find the element located by 'By.xpath: //a[@id='u_0_0_pd']'. Please recheck the objects properties to make sure the desired element is located. 

01-02-2024T00:00:01 - [MESSAGE][WARNING] - [SELF-HEALING] Failed to find element with id 'Object Repository/TC_buttons_OR/Page_Facebook  log in or sign up/a_Create new account'. Try using Self-healing.

01-02-2024T00:00:01 - [MESSAGE][WARNING] - [SELF-HEALING] The current locator of test object 'Object Repository/TC_buttons_OR/Page_Facebook  log in or sign up/a_Create new account' was broken. Propose an alternative one: '//a[contains(text(),'Create new account')]'.

01-02-2024T00:00:01 - [MESSAGE][PASSED] - Object: 'Object Repository/TC_buttons_OR/Page_Facebook  log in or sign up/a_Create new account' is clicked on

01-02-2024T00:00:01 - [TEST_STEP][PASSED] - selectOptionByLabel(findTestObject("TC_Facebook_registartion_001_OR/Page_Facebook  log in or sign up/select_123456789101112131415161718192021222_566da4"), dayelement, true): All options with label '5' are selected in object 'Object Repository/TC_Facebook_registartion_001_OR/Page_Facebook  log in or sign up/select_123456789101112131415161718192021222_566da4'  using regular expression

01-02-2024T00:00:07 - [MESSAGE][PASSED] - All options with label '5' are selected in object 'Object Repository/TC_Facebook_registartion_001_OR/Page_Facebook  log in or sign up/select_123456789101112131415161718192021222_566da4'  using regular expression

01-02-2024T00:00:07 - [TEST_STEP][PASSED] - selectOptionByValue(findTestObject("TC_Facebook_registartion_001_OR/Page_Facebook  log in or sign up/select_JanFebMarAprMayJunJulAugSepOctNovDec"), monthelement, true): All options with value '1' are selected in object 'Object Repository/TC_Facebook_registartion_001_OR/Page_Facebook  log in or sign up/select_JanFebMarAprMayJunJulAugSepOctNovDec'  using regular expression

01-02-2024T00:00:08 - [MESSAGE][PASSED] - All options with value '1' are selected in object 'Object Repository/TC_Facebook_registartion_001_OR/Page_Facebook  log in or sign up/select_JanFebMarAprMayJunJulAugSepOctNovDec'  using regular expression

01-02-2024T00:00:08 - [TEST_STEP][PASSED] - selectOptionByIndex(findTestObject("TC_Facebook_registartion_001_OR/Page_Facebook  log in or sign up/select_202420232022202120202019201820172016_7237a8"), yearelement): All options with index in [20] are selected on object 'Object Repository/TC_Facebook_registartion_001_OR/Page_Facebook  log in or sign up/select_202420232022202120202019201820172016_7237a8'

01-02-2024T00:00:10 - [MESSAGE][PASSED] - All options with index in [20] are selected on object 'Object Repository/TC_Facebook_registartion_001_OR/Page_Facebook  log in or sign up/select_202420232022202120202019201820172016_7237a8'

01-02-2024T00:00:10 - [TEST_STEP][PASSED] - closeBrowser(): Browser is closed

01-02-2024T00:00:10 - [MESSAGE][PASSED] - Browser is closed]]></system-out>
         <system-err><![CDATA[]]></system-err>
      </testcase>
      <system-out><![CDATA[31-01-2024T23:59:23 - [TEST_SUITE][PASSED] - TC_dropdownValidation_001_Test Suite: Test Cases/Buttons/TC_DropdownValidation_001]]></system-out>
      <system-err><![CDATA[]]></system-err>
   </testsuite>
</testsuites>
