<?xml version="1.0" encoding="UTF-8"?>
<testsuites name="TC_Facebook_registration_001_TS" time="105.893" tests="1" failures="0" errors="0">
   <testsuite name="TC_Facebook_registration_001_TS" tests="1" failures="0" errors="0" time="105.893" skipped="0" timestamp="07-02-2024T17:32:22" hostname="ANILKUMAR - DESKTOP-FOKPJIU" id="Test Suites/Facebook_registration_TS/TC_Facebook_registration_001_TS">
      <properties>
         <property name="deviceName" value=""/>
         <property name="devicePlatform" value=""/>
         <property name="logFolder" value="C:\\Users\\ANILKUMAR\\Katalon Studio\\facebook project\\Reports\\20240207_173216\\Facebook_registration_TS\\TC_Facebook_registration_001_TS\\20240207_173216"/>
         <property name="logFiles" value="C:\\Users\\ANILKUMAR\\Katalon Studio\\facebook project\\Reports\\20240207_173216\\Facebook_registration_TS\\TC_Facebook_registration_001_TS\\20240207_173216\\execution0.log"/>
         <property name="attachments" value=""/>
         <property name="hostName" value="ANILKUMAR - DESKTOP-FOKPJIU"/>
         <property name="os" value="Windows 10 64bit"/>
         <property name="katalonVersion" value="9.1.0.212"/>
         <property name="browser" value="Chrome 121.0.0.0"/>
         <property name="hostAddress" value="192.168.29.213"/>
         <property name="sessionId" value="f45c0e99ac4ab9cbc198d91eee83aff4"/>
         <property name="seleniumVersion" value="3.141.59"/>
         <property name="proxyInformation" value="ProxyInformation { proxyOption=NO_PROXY, proxyServerType=HTTP, username=, password=********, proxyServerAddress=, proxyServerPort=0, executionList=&quot;&quot;, isApplyToDesiredCapabilities=true }"/>
         <property name="platform" value="Windows 10"/>
      </properties>
      <testcase name="Test Cases/Facebook_registration/TC_Facebook_registration_001" time="105.71" classname="Test Cases/Facebook_registration/TC_Facebook_registration_001" status="PASSED">
         <system-out><![CDATA[07-02-2024T17:32:22 - [TEST_CASE][PASSED] - Test Cases/Facebook_registration/TC_Facebook_registration_001: Test Cases/Facebook_registration/TC_Facebook_registration_001

07-02-2024T17:32:23 - [TEST_STEP][PASSED] - openBrowser(""): Browser is opened with url: ''

07-02-2024T17:32:23 - [MESSAGE][INFO] - Starting 'Chrome' driver

07-02-2024T17:32:23 - [MESSAGE][INFO] - Action delay is set to 5,000 milliseconds

07-02-2024T17:32:27 - [MESSAGE][PASSED] - Browser is opened with url: ''

07-02-2024T17:32:27 - [TEST_STEP][PASSED] - navigateToUrl("https://www.facebook.com/"): Navigate to 'https://www.facebook.com/' successfully

07-02-2024T17:32:33 - [MESSAGE][PASSED] - Navigate to 'https://www.facebook.com/' successfully

07-02-2024T17:32:33 - [TEST_STEP][PASSED] - click(findTestObject("Object Repository/TC_Facebook_registration_001_OR/Page_Facebook  log in or sign up/a_Create new account")): Object: 'Object Repository/TC_Facebook_registration_001_OR/Page_Facebook  log in or sign up/a_Create new account' is clicked on

07-02-2024T17:32:39 - [MESSAGE][PASSED] - Object: 'Object Repository/TC_Facebook_registration_001_OR/Page_Facebook  log in or sign up/a_Create new account' is clicked on

07-02-2024T17:32:39 - [TEST_STEP][PASSED] - setText(findTestObject("Object Repository/TC_Facebook_registration_001_OR/Page_Facebook  log in or sign up/input_firstname"), "anil"): Text 'anil' is set on object 'Object Repository/TC_Facebook_registration_001_OR/Page_Facebook  log in or sign up/input_firstname'

07-02-2024T17:32:50 - [MESSAGE][PASSED] - Text 'anil' is set on object 'Object Repository/TC_Facebook_registration_001_OR/Page_Facebook  log in or sign up/input_firstname'

07-02-2024T17:32:50 - [TEST_STEP][PASSED] - setText(findTestObject("Object Repository/TC_Facebook_registration_001_OR/Page_Facebook  log in or sign up/input_lastname"), "chelimilla"): Text 'chelimilla' is set on object 'Object Repository/TC_Facebook_registration_001_OR/Page_Facebook  log in or sign up/input_lastname'

07-02-2024T17:33:01 - [MESSAGE][PASSED] - Text 'chelimilla' is set on object 'Object Repository/TC_Facebook_registration_001_OR/Page_Facebook  log in or sign up/input_lastname'

07-02-2024T17:33:01 - [TEST_STEP][PASSED] - setText(findTestObject("TC_Facebook_registration_001_OR/Page_Facebook  log in or sign up/input_reg_email__"), "ch.anil9cc@gmail.com"): Text 'ch.anil9cc@gmail.com' is set on object 'Object Repository/TC_Facebook_registration_001_OR/Page_Facebook  log in or sign up/input_reg_email__'

07-02-2024T17:33:12 - [MESSAGE][PASSED] - Text 'ch.anil9cc@gmail.com' is set on object 'Object Repository/TC_Facebook_registration_001_OR/Page_Facebook  log in or sign up/input_reg_email__'

07-02-2024T17:33:12 - [TEST_STEP][PASSED] - setText(findTestObject("Object Repository/TC_Facebook_registration_001_OR/Page_Facebook  log in or sign up/input_reg_email_confirmation__"), "ch.anil9cc@gmail.com"): Text 'ch.anil9cc@gmail.com' is set on object 'Object Repository/TC_Facebook_registration_001_OR/Page_Facebook  log in or sign up/input_reg_email_confirmation__'

07-02-2024T17:33:23 - [MESSAGE][PASSED] - Text 'ch.anil9cc@gmail.com' is set on object 'Object Repository/TC_Facebook_registration_001_OR/Page_Facebook  log in or sign up/input_reg_email_confirmation__'

07-02-2024T17:33:23 - [TEST_STEP][PASSED] - setEncryptedText(findTestObject("Object Repository/TC_Facebook_registration_001_OR/Page_Facebook  log in or sign up/input_reg_passwd__"), "qpR5QGbtPO/Q9OPNRZU6Dg=="): Text ****** has been set on object 'Object Repository/TC_Facebook_registration_001_OR/Page_Facebook  log in or sign up/input_reg_passwd__'

07-02-2024T17:33:33 - [MESSAGE][PASSED] - Text ****** has been set on object 'Object Repository/TC_Facebook_registration_001_OR/Page_Facebook  log in or sign up/input_reg_passwd__'

07-02-2024T17:33:33 - [TEST_STEP][PASSED] - selectOptionByValue(findTestObject("Object Repository/TC_Facebook_registration_001_OR/Page_Facebook  log in or sign up/select_123456789101112131415161718192021222_566da4"), "7", true): All options with value '7' are selected in object 'Object Repository/TC_Facebook_registration_001_OR/Page_Facebook  log in or sign up/select_123456789101112131415161718192021222_566da4'  using regular expression

07-02-2024T17:33:35 - [MESSAGE][PASSED] - All options with value '7' are selected in object 'Object Repository/TC_Facebook_registration_001_OR/Page_Facebook  log in or sign up/select_123456789101112131415161718192021222_566da4'  using regular expression

07-02-2024T17:33:35 - [TEST_STEP][PASSED] - selectOptionByValue(findTestObject("Object Repository/TC_Facebook_registration_001_OR/Page_Facebook  log in or sign up/select_123456789101112131415161718192021222_566da4"), "16", true): All options with value '16' are selected in object 'Object Repository/TC_Facebook_registration_001_OR/Page_Facebook  log in or sign up/select_123456789101112131415161718192021222_566da4'  using regular expression

07-02-2024T17:33:42 - [MESSAGE][PASSED] - All options with value '16' are selected in object 'Object Repository/TC_Facebook_registration_001_OR/Page_Facebook  log in or sign up/select_123456789101112131415161718192021222_566da4'  using regular expression

07-02-2024T17:33:42 - [TEST_STEP][PASSED] - selectOptionByValue(findTestObject("Object Repository/TC_Facebook_registration_001_OR/Page_Facebook  log in or sign up/select_JanFebMarAprMayJunJulAugSepOctNovDec"), "5", true): All options with value '5' are selected in object 'Object Repository/TC_Facebook_registration_001_OR/Page_Facebook  log in or sign up/select_JanFebMarAprMayJunJulAugSepOctNovDec'  using regular expression

07-02-2024T17:33:48 - [MESSAGE][PASSED] - All options with value '5' are selected in object 'Object Repository/TC_Facebook_registration_001_OR/Page_Facebook  log in or sign up/select_JanFebMarAprMayJunJulAugSepOctNovDec'  using regular expression

07-02-2024T17:33:48 - [TEST_STEP][PASSED] - selectOptionByValue(findTestObject("Object Repository/TC_Facebook_registration_001_OR/Page_Facebook  log in or sign up/select_202420232022202120202019201820172016_7237a8"), "2001", true): All options with value '2001' are selected in object 'Object Repository/TC_Facebook_registration_001_OR/Page_Facebook  log in or sign up/select_202420232022202120202019201820172016_7237a8'  using regular expression

07-02-2024T17:33:57 - [MESSAGE][PASSED] - All options with value '2001' are selected in object 'Object Repository/TC_Facebook_registration_001_OR/Page_Facebook  log in or sign up/select_202420232022202120202019201820172016_7237a8'  using regular expression

07-02-2024T17:33:57 - [TEST_STEP][PASSED] - click(findTestObject("Object Repository/TC_Facebook_registration_001_OR/Page_Facebook  log in or sign up/label_Male")): Object: 'Object Repository/TC_Facebook_registration_001_OR/Page_Facebook  log in or sign up/label_Male' is clicked on

07-02-2024T17:34:02 - [MESSAGE][PASSED] - Object: 'Object Repository/TC_Facebook_registration_001_OR/Page_Facebook  log in or sign up/label_Male' is clicked on

07-02-2024T17:34:02 - [TEST_STEP][PASSED] - click(findTestObject("Object Repository/TC_Facebook_registration_001_OR/Page_Facebook  log in or sign up/button_Sign Up")): Object: 'Object Repository/TC_Facebook_registration_001_OR/Page_Facebook  log in or sign up/button_Sign Up' is clicked on

07-02-2024T17:34:08 - [MESSAGE][PASSED] - Object: 'Object Repository/TC_Facebook_registration_001_OR/Page_Facebook  log in or sign up/button_Sign Up' is clicked on

07-02-2024T17:34:08 - [TEST_STEP][PASSED] - closeBrowser(): Browser is closed

07-02-2024T17:34:08 - [MESSAGE][PASSED] - Browser is closed]]></system-out>
         <system-err><![CDATA[]]></system-err>
      </testcase>
      <system-out><![CDATA[07-02-2024T17:32:22 - [TEST_SUITE][PASSED] - TC_Facebook_registration_001_TS: Test Cases/Facebook_registration/TC_Facebook_registration_001]]></system-out>
      <system-err><![CDATA[]]></system-err>
   </testsuite>
</testsuites>
