<?xml version="1.0" encoding="UTF-8"?>
<testsuites name="TC_Facebook_registration_002_TS" time="103.189" tests="1" failures="0" errors="0">
   <testsuite name="TC_Facebook_registration_002_TS" tests="1" failures="0" errors="0" time="103.189" skipped="0" timestamp="07-02-2024T17:35:08" hostname="ANILKUMAR - DESKTOP-FOKPJIU" id="Test Suites/Facebook_registration_TS/TC_Facebook_registration_002_TS">
      <properties>
         <property name="deviceName" value=""/>
         <property name="devicePlatform" value=""/>
         <property name="logFolder" value="C:\\Users\\ANILKUMAR\\Katalon Studio\\facebook project\\Reports\\20240207_173502\\Facebook_registration_TS\\TC_Facebook_registration_002_TS\\20240207_173502"/>
         <property name="logFiles" value="C:\\Users\\ANILKUMAR\\Katalon Studio\\facebook project\\Reports\\20240207_173502\\Facebook_registration_TS\\TC_Facebook_registration_002_TS\\20240207_173502\\execution0.log"/>
         <property name="attachments" value=""/>
         <property name="hostName" value="ANILKUMAR - DESKTOP-FOKPJIU"/>
         <property name="os" value="Windows 10 64bit"/>
         <property name="katalonVersion" value="9.1.0.212"/>
         <property name="browser" value="Chrome 121.0.0.0"/>
         <property name="hostAddress" value="192.168.29.213"/>
         <property name="sessionId" value="e4817e71bbf257d32302742f1a69857a"/>
         <property name="seleniumVersion" value="3.141.59"/>
         <property name="proxyInformation" value="ProxyInformation { proxyOption=NO_PROXY, proxyServerType=HTTP, username=, password=********, proxyServerAddress=, proxyServerPort=0, executionList=&quot;&quot;, isApplyToDesiredCapabilities=true }"/>
         <property name="platform" value="Windows 10"/>
      </properties>
      <testcase name="Test Cases/Facebook_registration/TC_Facebook_registration_002" time="103.004" classname="Test Cases/Facebook_registration/TC_Facebook_registration_002" status="PASSED">
         <system-out><![CDATA[07-02-2024T17:35:08 - [TEST_CASE][PASSED] - Test Cases/Facebook_registration/TC_Facebook_registration_002: Test Cases/Facebook_registration/TC_Facebook_registration_002

07-02-2024T17:35:09 - [TEST_STEP][PASSED] - openBrowser(""): Browser is opened with url: ''

07-02-2024T17:35:09 - [MESSAGE][INFO] - Starting 'Chrome' driver

07-02-2024T17:35:09 - [MESSAGE][INFO] - Action delay is set to 5,000 milliseconds

07-02-2024T17:35:13 - [MESSAGE][PASSED] - Browser is opened with url: ''

07-02-2024T17:35:13 - [TEST_STEP][PASSED] - navigateToUrl("www.facebook.com"): Navigate to 'http://www.facebook.com' successfully

07-02-2024T17:35:19 - [MESSAGE][PASSED] - Navigate to 'http://www.facebook.com' successfully

07-02-2024T17:35:19 - [TEST_STEP][PASSED] - click(findTestObject("TC_Facebook_registration_002_OR/Page_Facebook  log in or sign up/a_Create new account")): Object: 'Object Repository/TC_Facebook_registration_002_OR/Page_Facebook  log in or sign up/a_Create new account' is clicked on

07-02-2024T17:35:25 - [MESSAGE][PASSED] - Object: 'Object Repository/TC_Facebook_registration_002_OR/Page_Facebook  log in or sign up/a_Create new account' is clicked on

07-02-2024T17:35:25 - [TEST_STEP][PASSED] - setText(findTestObject("TC_Facebook_registration_002_OR/Page_Facebook  log in or sign up/input_firstname"), "anil"): Text 'anil' is set on object 'Object Repository/TC_Facebook_registration_002_OR/Page_Facebook  log in or sign up/input_firstname'

07-02-2024T17:35:37 - [MESSAGE][PASSED] - Text 'anil' is set on object 'Object Repository/TC_Facebook_registration_002_OR/Page_Facebook  log in or sign up/input_firstname'

07-02-2024T17:35:37 - [TEST_STEP][PASSED] - setText(findTestObject("TC_Facebook_registration_002_OR/Page_Facebook  log in or sign up/input_lastname"), "chelimilla"): Text 'chelimilla' is set on object 'Object Repository/TC_Facebook_registration_002_OR/Page_Facebook  log in or sign up/input_lastname'

07-02-2024T17:35:48 - [MESSAGE][PASSED] - Text 'chelimilla' is set on object 'Object Repository/TC_Facebook_registration_002_OR/Page_Facebook  log in or sign up/input_lastname'

07-02-2024T17:35:48 - [TEST_STEP][PASSED] - setText(findTestObject("TC_Facebook_registration_002_OR/Page_Facebook  log in or sign up/input_reg_email__"), "ch.anil9cc@gmail.com"): Text 'ch.anil9cc@gmail.com' is set on object 'Object Repository/TC_Facebook_registration_002_OR/Page_Facebook  log in or sign up/input_reg_email__'

07-02-2024T17:35:59 - [MESSAGE][PASSED] - Text 'ch.anil9cc@gmail.com' is set on object 'Object Repository/TC_Facebook_registration_002_OR/Page_Facebook  log in or sign up/input_reg_email__'

07-02-2024T17:35:59 - [TEST_STEP][PASSED] - setText(findTestObject("TC_Facebook_registration_002_OR/Page_Facebook  log in or sign up/input_reg_email_confirmation__"), "ch.anil9cc@gmail.com"): Text 'ch.anil9cc@gmail.com' is set on object 'Object Repository/TC_Facebook_registration_002_OR/Page_Facebook  log in or sign up/input_reg_email_confirmation__'

07-02-2024T17:36:09 - [MESSAGE][PASSED] - Text 'ch.anil9cc@gmail.com' is set on object 'Object Repository/TC_Facebook_registration_002_OR/Page_Facebook  log in or sign up/input_reg_email_confirmation__'

07-02-2024T17:36:09 - [TEST_STEP][PASSED] - setEncryptedText(findTestObject("TC_Facebook_registration_002_OR/Page_Facebook  log in or sign up/input_reg_passwd__"), "qpR5QGbtPO/Q9OPNRZU6Dg=="): Text ****** has been set on object 'Object Repository/TC_Facebook_registration_002_OR/Page_Facebook  log in or sign up/input_reg_passwd__'

07-02-2024T17:36:20 - [MESSAGE][PASSED] - Text ****** has been set on object 'Object Repository/TC_Facebook_registration_002_OR/Page_Facebook  log in or sign up/input_reg_passwd__'

07-02-2024T17:36:20 - [TEST_STEP][PASSED] - selectOptionByLabel(findTestObject("TC_Facebook_registration_002_OR/Page_Facebook  log in or sign up/select_day"), "16", true): All options with label '16' are selected in object 'Object Repository/TC_Facebook_registration_002_OR/Page_Facebook  log in or sign up/select_day'  using regular expression

07-02-2024T17:36:27 - [MESSAGE][PASSED] - All options with label '16' are selected in object 'Object Repository/TC_Facebook_registration_002_OR/Page_Facebook  log in or sign up/select_day'  using regular expression

07-02-2024T17:36:27 - [TEST_STEP][PASSED] - selectOptionByValue(findTestObject("TC_Facebook_registration_002_OR/Page_Facebook  log in or sign up/select_month"), "5", true): All options with value '5' are selected in object 'Object Repository/TC_Facebook_registration_002_OR/Page_Facebook  log in or sign up/select_month'  using regular expression

07-02-2024T17:36:34 - [MESSAGE][PASSED] - All options with value '5' are selected in object 'Object Repository/TC_Facebook_registration_002_OR/Page_Facebook  log in or sign up/select_month'  using regular expression

07-02-2024T17:36:34 - [TEST_STEP][PASSED] - selectOptionByIndex(findTestObject("TC_Facebook_registration_002_OR/Page_Facebook  log in or sign up/select_year"), "23"): All options with index in [23] are selected on object 'Object Repository/TC_Facebook_registration_002_OR/Page_Facebook  log in or sign up/select_year'

07-02-2024T17:36:40 - [MESSAGE][PASSED] - All options with index in [23] are selected on object 'Object Repository/TC_Facebook_registration_002_OR/Page_Facebook  log in or sign up/select_year'

07-02-2024T17:36:40 - [TEST_STEP][PASSED] - click(findTestObject("TC_Facebook_registration_002_OR/Page_Facebook  log in or sign up/label_Male")): Object: 'Object Repository/TC_Facebook_registration_002_OR/Page_Facebook  log in or sign up/label_Male' is clicked on

07-02-2024T17:36:46 - [MESSAGE][PASSED] - Object: 'Object Repository/TC_Facebook_registration_002_OR/Page_Facebook  log in or sign up/label_Male' is clicked on

07-02-2024T17:36:46 - [TEST_STEP][PASSED] - click(findTestObject("TC_Facebook_registration_002_OR/Page_Facebook  log in or sign up/button_Sign Up")): Object: 'Object Repository/TC_Facebook_registration_002_OR/Page_Facebook  log in or sign up/button_Sign Up' is clicked on

07-02-2024T17:36:51 - [MESSAGE][PASSED] - Object: 'Object Repository/TC_Facebook_registration_002_OR/Page_Facebook  log in or sign up/button_Sign Up' is clicked on

07-02-2024T17:36:51 - [TEST_STEP][PASSED] - closeBrowser(): Browser is closed

07-02-2024T17:36:51 - [MESSAGE][PASSED] - Browser is closed]]></system-out>
         <system-err><![CDATA[]]></system-err>
      </testcase>
      <system-out><![CDATA[07-02-2024T17:35:08 - [TEST_SUITE][PASSED] - TC_Facebook_registration_002_TS: Test Cases/Facebook_registration/TC_Facebook_registration_002]]></system-out>
      <system-err><![CDATA[]]></system-err>
   </testsuite>
</testsuites>
