<?xml version="1.0" encoding="UTF-8"?>
<testsuites name="TC_Facebook_login_002_TS" time="40.412" tests="1" failures="0" errors="0">
   <testsuite name="TC_Facebook_login_002_TS" tests="1" failures="0" errors="0" time="40.412" skipped="0" timestamp="28-01-2024T17:12:34" hostname="ANILKUMAR - DESKTOP-FOKPJIU" id="Test Suites/TC_Facebook_login_002_TS">
      <properties>
         <property name="deviceName" value=""/>
         <property name="devicePlatform" value=""/>
         <property name="logFolder" value="C:\\Users\\ANILKUMAR\\Katalon Studio\\Facebook Application Testing\\Reports\\20240128_171216\\TC_Facebook_login_002_TS\\20240128_171219"/>
         <property name="logFiles" value="C:\\Users\\ANILKUMAR\\Katalon Studio\\Facebook Application Testing\\Reports\\20240128_171216\\TC_Facebook_login_002_TS\\20240128_171219\\execution0.log"/>
         <property name="attachments" value=""/>
         <property name="hostName" value="ANILKUMAR - DESKTOP-FOKPJIU"/>
         <property name="os" value="Windows 10 64bit"/>
         <property name="katalonVersion" value="9.1.0.212"/>
         <property name="browser" value="Chrome 120.0.0.0"/>
         <property name="hostAddress" value="192.168.1.101"/>
         <property name="sessionId" value="adda3ad4619cf2c3ab718d59094274aa"/>
         <property name="seleniumVersion" value="3.141.59"/>
         <property name="proxyInformation" value="ProxyInformation { proxyOption=NO_PROXY, proxyServerType=HTTP, username=, password=********, proxyServerAddress=, proxyServerPort=0, executionList=&quot;&quot;, isApplyToDesiredCapabilities=true }"/>
         <property name="platform" value="Windows 10"/>
      </properties>
      <testcase name="Test Cases/TC_Facebook_login_002" time="39.944" classname="Test Cases/TC_Facebook_login_002" status="PASSED">
         <system-out><![CDATA[28-01-2024T17:12:35 - [TEST_CASE][PASSED] - Test Cases/TC_Facebook_login_002: Test Cases/TC_Facebook_login_002

28-01-2024T17:12:35 - [TEST_STEP][PASSED] - openBrowser(""): Browser is opened with url: ''

28-01-2024T17:12:36 - [MESSAGE][INFO] - Starting 'Chrome' driver

28-01-2024T17:12:36 - [MESSAGE][INFO] - Action delay is set to 0 milliseconds

28-01-2024T17:12:40 - [MESSAGE][PASSED] - Browser is opened with url: ''

28-01-2024T17:12:40 - [TEST_STEP][PASSED] - navigateToUrl("https://www.facebook.com/"): Navigate to 'https://www.facebook.com/' successfully

28-01-2024T17:12:41 - [MESSAGE][PASSED] - Navigate to 'https://www.facebook.com/' successfully

28-01-2024T17:12:41 - [TEST_STEP][PASSED] - setText(findTestObject("Object Repository/TC_Facebook_login_002_OR/Page_Facebook  log in or sign up/input_email"), "ch.anil9cc@gmail.com"): Text 'ch.anil9cc@gmail.com' is set on object 'Object Repository/TC_Facebook_login_002_OR/Page_Facebook  log in or sign up/input_email'

28-01-2024T17:12:42 - [MESSAGE][PASSED] - Text 'ch.anil9cc@gmail.com' is set on object 'Object Repository/TC_Facebook_login_002_OR/Page_Facebook  log in or sign up/input_email'

28-01-2024T17:12:42 - [TEST_STEP][PASSED] - setEncryptedText(findTestObject("Object Repository/TC_Facebook_login_002_OR/Page_Facebook  log in or sign up/input_pass"), "61i/wkBUVQsq5Z5s4Ux7EA=="): Text ****** has been set on object 'Object Repository/TC_Facebook_login_002_OR/Page_Facebook  log in or sign up/input_pass'

28-01-2024T17:12:43 - [MESSAGE][PASSED] - Text ****** has been set on object 'Object Repository/TC_Facebook_login_002_OR/Page_Facebook  log in or sign up/input_pass'

28-01-2024T17:12:43 - [TEST_STEP][PASSED] - click(findTestObject("Object Repository/TC_Facebook_login_002_OR/Page_Facebook  log in or sign up/button_Log in")): Object: 'Object Repository/TC_Facebook_login_002_OR/Page_Facebook  log in or sign up/button_Log in' is clicked on

28-01-2024T17:13:14 - [MESSAGE][INFO] - Unable to find the element located by 'By.xpath: //button[@id='u_0_5_Yj']'. Please recheck the objects properties to make sure the desired element is located. 

28-01-2024T17:13:14 - [MESSAGE][WARNING] - [SELF-HEALING] Failed to find element with id 'Object Repository/TC_Facebook_login_002_OR/Page_Facebook  log in or sign up/button_Log in'. Try using Self-healing.

28-01-2024T17:13:14 - [MESSAGE][WARNING] - [SELF-HEALING] The current locator of test object 'Object Repository/TC_Facebook_login_002_OR/Page_Facebook  log in or sign up/button_Log in' was broken. Propose an alternative one: '//button'.

28-01-2024T17:13:15 - [MESSAGE][PASSED] - Object: 'Object Repository/TC_Facebook_login_002_OR/Page_Facebook  log in or sign up/button_Log in' is clicked on

28-01-2024T17:13:15 - [TEST_STEP][PASSED] - closeBrowser(): Browser is closed

28-01-2024T17:13:15 - [MESSAGE][PASSED] - Browser is closed]]></system-out>
         <system-err><![CDATA[]]></system-err>
      </testcase>
      <system-out><![CDATA[28-01-2024T17:12:34 - [TEST_SUITE][PASSED] - TC_Facebook_login_002_TS: Test Cases/TC_Facebook_login_002]]></system-out>
      <system-err><![CDATA[]]></system-err>
   </testsuite>
</testsuites>
